18:41:02,732 INFO  RunnableClass:26 - Runnable started....
 18:41:02,732 INFO  ThreadClass:17 - Thread started....
 18:41:02,743 INFO  ThreadClass:19 - Thread-0 count=0
 18:41:02,743 INFO  RunnableClass:19 - Thread-1 count=0
 18:41:02,744 INFO  ThreadClass:19 - Thread-0 count=1
 18:41:02,744 INFO  ThreadClass:19 - Thread-0 count=3
 18:41:02,745 INFO  ThreadClass:19 - Thread-0 count=4
 18:41:02,744 INFO  RunnableClass:19 - Thread-1 count=2
 18:41:02,746 INFO  ThreadClass:19 - Thread-0 count=5
 18:41:02,747 INFO  RunnableClass:19 - Thread-1 count=6
 18:41:02,747 INFO  ThreadClass:19 - Thread-0 count=7
 18:41:02,747 INFO  RunnableClass:19 - Thread-1 count=8
 18:41:02,747 INFO  ThreadClass:19 - Thread-0 count=9
 18:41:02,747 INFO  RunnableClass:19 - Thread-1 count=10
 18:41:02,748 INFO  RunnableClass:19 - Thread-1 count=12
 18:41:02,748 INFO  RunnableClass:19 - Thread-1 count=13
 18:41:02,747 INFO  ThreadClass:19 - Thread-0 count=11
 18:41:02,750 INFO  ThreadClass:19 - Thread-0 count=15
 18:41:02,749 INFO  RunnableClass:19 - Thread-1 count=14
 18:41:02,750 INFO  ThreadClass:19 - Thread-0 count=16
 18:41:02,750 INFO  ThreadClass:19 - Thread-0 count=18
 18:41:02,750 INFO  ThreadClass:19 - Thread-0 count=19
 18:41:02,750 INFO  ThreadClass:19 - Thread-0 count=20
 18:41:02,750 INFO  RunnableClass:19 - Thread-1 count=17
 18:41:02,750 INFO  RunnableClass:19 - Thread-1 count=22
 18:41:02,750 INFO  ThreadClass:19 - Thread-0 count=21
 18:41:02,750 INFO  RunnableClass:19 - Thread-1 count=23
 18:41:02,751 INFO  ThreadClass:19 - Thread-0 count=24
 18:41:02,751 INFO  ThreadClass:19 - Thread-0 count=26
 18:41:02,751 INFO  ThreadClass:19 - Thread-0 count=27
 18:41:02,751 INFO  ThreadClass:19 - Thread-0 count=28
 18:41:02,751 INFO  ThreadClass:19 - Thread-0 count=29
 18:41:02,751 INFO  ThreadClass:19 - Thread-0 count=30
 18:41:02,752 INFO  ThreadClass:19 - Thread-0 count=31
 18:41:02,752 INFO  ThreadClass:19 - Thread-0 count=32
 18:41:02,752 INFO  ThreadClass:19 - Thread-0 count=33
 18:41:02,751 INFO  RunnableClass:19 - Thread-1 count=25
 18:41:02,752 INFO  ThreadClass:19 - Thread-0 count=34
 18:41:02,752 INFO  ThreadClass:19 - Thread-0 count=36
 18:41:02,752 INFO  ThreadClass:19 - Thread-0 count=37
 18:41:02,753 INFO  ThreadClass:19 - Thread-0 count=38
 18:41:02,752 INFO  RunnableClass:19 - Thread-1 count=35
 18:41:02,753 INFO  RunnableClass:19 - Thread-1 count=40
 18:41:02,753 INFO  RunnableClass:19 - Thread-1 count=41
 18:41:02,753 INFO  RunnableClass:19 - Thread-1 count=42
 18:41:02,753 INFO  RunnableClass:19 - Thread-1 count=43
 18:41:02,753 INFO  RunnableClass:19 - Thread-1 count=44
 18:41:02,753 INFO  RunnableClass:19 - Thread-1 count=45
 18:41:02,753 INFO  ThreadClass:19 - Thread-0 count=39
 18:41:02,753 INFO  ThreadClass:19 - Thread-0 count=47
 18:41:02,754 INFO  ThreadClass:19 - Thread-0 count=48
 18:41:02,754 INFO  ThreadClass:19 - Thread-0 count=49
 18:41:02,754 INFO  ThreadClass:19 - Thread-0 count=50
 18:41:02,754 INFO  ThreadClass:19 - Thread-0 count=51
 18:41:02,753 INFO  RunnableClass:19 - Thread-1 count=46
 18:41:02,755 INFO  RunnableClass:19 - Thread-1 count=53
 18:41:02,755 INFO  RunnableClass:19 - Thread-1 count=54
 18:41:02,755 INFO  RunnableClass:19 - Thread-1 count=55
 18:41:02,755 INFO  RunnableClass:19 - Thread-1 count=56
 18:41:02,755 INFO  RunnableClass:19 - Thread-1 count=57
 18:41:02,755 INFO  RunnableClass:19 - Thread-1 count=58
 18:41:02,755 INFO  RunnableClass:19 - Thread-1 count=59
 18:41:02,755 INFO  ThreadClass:19 - Thread-0 count=52
 18:41:02,756 INFO  ThreadClass:19 - Thread-0 count=61
 18:41:02,755 INFO  RunnableClass:19 - Thread-1 count=60
 18:41:02,756 INFO  RunnableClass:19 - Thread-1 count=63
 18:41:02,756 INFO  RunnableClass:19 - Thread-1 count=64
 18:41:02,756 INFO  RunnableClass:19 - Thread-1 count=65
 18:41:02,756 INFO  RunnableClass:19 - Thread-1 count=66
 18:41:02,756 INFO  RunnableClass:19 - Thread-1 count=67
 18:41:02,756 INFO  RunnableClass:19 - Thread-1 count=68
 18:41:02,756 INFO  RunnableClass:19 - Thread-1 count=69
 18:41:02,756 INFO  ThreadClass:19 - Thread-0 count=62
 18:41:02,757 INFO  ThreadClass:19 - Thread-0 count=71
 18:41:02,757 INFO  ThreadClass:19 - Thread-0 count=72
 18:41:02,757 INFO  RunnableClass:19 - Thread-1 count=70
 18:41:02,757 INFO  RunnableClass:19 - Thread-1 count=74
 18:41:02,757 INFO  ThreadClass:19 - Thread-0 count=73
 18:41:02,757 INFO  ThreadClass:19 - Thread-0 count=76
 18:41:02,757 INFO  ThreadClass:19 - Thread-0 count=77
 18:41:02,757 INFO  RunnableClass:19 - Thread-1 count=75
 18:41:02,757 INFO  RunnableClass:19 - Thread-1 count=79
 18:41:02,758 INFO  RunnableClass:19 - Thread-1 count=80
 18:41:02,758 INFO  RunnableClass:19 - Thread-1 count=81
 18:41:02,757 INFO  ThreadClass:19 - Thread-0 count=78
 18:41:02,758 INFO  RunnableClass:19 - Thread-1 count=82
 18:41:02,758 INFO  RunnableClass:19 - Thread-1 count=84
 18:41:02,758 INFO  ThreadClass:19 - Thread-0 count=83
 18:41:02,758 INFO  ThreadClass:19 - Thread-0 count=86
 18:41:02,758 INFO  ThreadClass:19 - Thread-0 count=87
 18:41:02,758 INFO  ThreadClass:19 - Thread-0 count=88
 18:41:02,758 INFO  RunnableClass:19 - Thread-1 count=85
 18:41:02,759 INFO  RunnableClass:19 - Thread-1 count=90
 18:41:02,758 INFO  ThreadClass:19 - Thread-0 count=89
 18:41:02,759 INFO  ThreadClass:19 - Thread-0 count=92
 18:41:02,759 INFO  ThreadClass:19 - Thread-0 count=93
 18:41:02,759 INFO  ThreadClass:19 - Thread-0 count=94
 18:41:02,759 INFO  ThreadClass:19 - Thread-0 count=95
 18:41:02,759 INFO  RunnableClass:19 - Thread-1 count=91
 18:41:02,759 INFO  RunnableClass:19 - Thread-1 count=97
 18:41:02,759 INFO  ThreadClass:19 - Thread-0 count=96
 18:41:02,759 INFO  RunnableClass:19 - Thread-1 count=98
 18:41:02,760 INFO  RunnableClass:22 - Runnable finished!
 18:41:02,759 INFO  ThreadClass:19 - Thread-0 count=99
 18:41:02,760 INFO  ThreadClass:22 - Thread finished!
 18:43:45,521 INFO  ThreadClass:17 - Thread started....
 18:43:45,521 INFO  RunnableClass:18 - Runnable started....
 18:43:45,532 INFO  RunnableClass:20 - Thread-1 count=0
 18:43:45,532 INFO  ThreadClass:19 - Thread-0 count=0
 18:43:45,532 INFO  RunnableClass:20 - Thread-1 count=1
 18:43:45,532 INFO  RunnableClass:20 - Thread-1 count=3
 18:43:45,532 INFO  ThreadClass:19 - Thread-0 count=2
 18:43:45,534 INFO  ThreadClass:19 - Thread-0 count=5
 18:43:45,534 INFO  RunnableClass:20 - Thread-1 count=4
 18:43:45,534 INFO  ThreadClass:19 - Thread-0 count=6
 18:43:45,535 INFO  RunnableClass:20 - Thread-1 count=7
 18:43:45,535 INFO  ThreadClass:19 - Thread-0 count=8
 18:43:45,535 INFO  RunnableClass:20 - Thread-1 count=9
 18:43:45,535 INFO  ThreadClass:19 - Thread-0 count=10
 18:43:45,535 INFO  RunnableClass:20 - Thread-1 count=11
 18:43:45,535 INFO  ThreadClass:19 - Thread-0 count=12
 18:43:45,535 INFO  RunnableClass:20 - Thread-1 count=13
 18:43:45,537 INFO  ThreadClass:19 - Thread-0 count=14
 18:43:45,537 INFO  RunnableClass:20 - Thread-1 count=15
 18:43:45,537 INFO  ThreadClass:19 - Thread-0 count=16
 18:43:45,537 INFO  RunnableClass:20 - Thread-1 count=17
 18:43:45,537 INFO  ThreadClass:19 - Thread-0 count=18
 18:43:45,537 INFO  RunnableClass:20 - Thread-1 count=19
 18:43:45,537 INFO  ThreadClass:19 - Thread-0 count=20
 18:43:45,538 INFO  ThreadClass:19 - Thread-0 count=22
 18:43:45,538 INFO  ThreadClass:19 - Thread-0 count=23
 18:43:45,538 INFO  RunnableClass:20 - Thread-1 count=21
 18:43:45,538 INFO  RunnableClass:20 - Thread-1 count=25
 18:43:45,538 INFO  RunnableClass:20 - Thread-1 count=26
 18:43:45,538 INFO  RunnableClass:20 - Thread-1 count=27
 18:43:45,538 INFO  RunnableClass:20 - Thread-1 count=28
 18:43:45,539 INFO  RunnableClass:20 - Thread-1 count=29
 18:43:45,539 INFO  RunnableClass:20 - Thread-1 count=30
 18:43:45,539 INFO  RunnableClass:20 - Thread-1 count=31
 18:43:45,539 INFO  RunnableClass:20 - Thread-1 count=32
 18:43:45,539 INFO  RunnableClass:20 - Thread-1 count=33
 18:43:45,539 INFO  RunnableClass:20 - Thread-1 count=34
 18:43:45,539 INFO  RunnableClass:20 - Thread-1 count=35
 18:43:45,540 INFO  RunnableClass:20 - Thread-1 count=36
 18:43:45,540 INFO  RunnableClass:20 - Thread-1 count=37
 18:43:45,538 INFO  ThreadClass:19 - Thread-0 count=24
 18:43:45,540 INFO  ThreadClass:19 - Thread-0 count=39
 18:43:45,540 INFO  RunnableClass:20 - Thread-1 count=38
 18:43:45,540 INFO  RunnableClass:20 - Thread-1 count=41
 18:43:45,540 INFO  RunnableClass:20 - Thread-1 count=42
 18:43:45,540 INFO  ThreadClass:19 - Thread-0 count=40
 18:43:45,541 INFO  ThreadClass:19 - Thread-0 count=44
 18:43:45,541 INFO  RunnableClass:20 - Thread-1 count=43
 18:43:45,541 INFO  RunnableClass:20 - Thread-1 count=46
 18:43:45,541 INFO  ThreadClass:19 - Thread-0 count=45
 18:43:45,541 INFO  RunnableClass:20 - Thread-1 count=47
 18:43:45,541 INFO  ThreadClass:19 - Thread-0 count=48
 18:43:45,541 INFO  RunnableClass:20 - Thread-1 count=49
 18:43:45,541 INFO  ThreadClass:19 - Thread-0 count=50
 18:43:45,542 INFO  ThreadClass:19 - Thread-0 count=52
 18:43:45,542 INFO  ThreadClass:19 - Thread-0 count=53
 18:43:45,542 INFO  RunnableClass:20 - Thread-1 count=51
 18:43:45,542 INFO  RunnableClass:20 - Thread-1 count=55
 18:43:45,542 INFO  RunnableClass:20 - Thread-1 count=56
 18:43:45,542 INFO  RunnableClass:20 - Thread-1 count=57
 18:43:45,542 INFO  RunnableClass:20 - Thread-1 count=58
 18:43:45,542 INFO  RunnableClass:20 - Thread-1 count=59
 18:43:45,542 INFO  RunnableClass:20 - Thread-1 count=60
 18:43:45,543 INFO  RunnableClass:20 - Thread-1 count=61
 18:43:45,542 INFO  ThreadClass:19 - Thread-0 count=54
 18:43:45,543 INFO  ThreadClass:19 - Thread-0 count=63
 18:43:45,543 INFO  ThreadClass:19 - Thread-0 count=64
 18:43:45,543 INFO  ThreadClass:19 - Thread-0 count=65
 18:43:45,543 INFO  ThreadClass:19 - Thread-0 count=66
 18:43:45,543 INFO  ThreadClass:19 - Thread-0 count=67
 18:43:45,543 INFO  ThreadClass:19 - Thread-0 count=68
 18:43:45,543 INFO  ThreadClass:19 - Thread-0 count=69
 18:43:45,543 INFO  ThreadClass:19 - Thread-0 count=70
 18:43:45,543 INFO  ThreadClass:19 - Thread-0 count=71
 18:43:45,543 INFO  RunnableClass:20 - Thread-1 count=62
 18:43:45,544 INFO  RunnableClass:20 - Thread-1 count=73
 18:43:45,544 INFO  RunnableClass:20 - Thread-1 count=74
 18:43:45,544 INFO  RunnableClass:20 - Thread-1 count=75
 18:43:45,544 INFO  RunnableClass:20 - Thread-1 count=76
 18:43:45,544 INFO  RunnableClass:20 - Thread-1 count=77
 18:43:45,544 INFO  RunnableClass:20 - Thread-1 count=78
 18:43:45,544 INFO  ThreadClass:19 - Thread-0 count=72
 18:43:45,544 INFO  ThreadClass:19 - Thread-0 count=80
 18:43:45,545 INFO  ThreadClass:19 - Thread-0 count=81
 18:43:45,545 INFO  ThreadClass:19 - Thread-0 count=82
 18:43:45,545 INFO  ThreadClass:19 - Thread-0 count=83
 18:43:45,545 INFO  ThreadClass:19 - Thread-0 count=84
 18:43:45,545 INFO  ThreadClass:19 - Thread-0 count=85
 18:43:45,545 INFO  ThreadClass:19 - Thread-0 count=86
 18:43:45,544 INFO  RunnableClass:20 - Thread-1 count=79
 18:43:45,545 INFO  RunnableClass:20 - Thread-1 count=88
 18:43:45,545 INFO  ThreadClass:19 - Thread-0 count=87
 18:43:45,546 INFO  ThreadClass:19 - Thread-0 count=90
 18:43:45,546 INFO  RunnableClass:20 - Thread-1 count=89
 18:43:45,546 INFO  ThreadClass:19 - Thread-0 count=91
 18:43:45,546 INFO  ThreadClass:19 - Thread-0 count=93
 18:43:45,546 INFO  RunnableClass:20 - Thread-1 count=92
 18:43:45,546 INFO  ThreadClass:19 - Thread-0 count=94
 18:43:45,546 INFO  ThreadClass:19 - Thread-0 count=96
 18:43:45,546 INFO  RunnableClass:20 - Thread-1 count=95
 18:43:45,547 INFO  RunnableClass:20 - Thread-1 count=98
 18:43:45,547 INFO  RunnableClass:20 - Thread-1 count=99
 18:43:45,547 INFO  RunnableClass:23 - Runnable finished!
 18:43:45,546 INFO  ThreadClass:19 - Thread-0 count=97
 18:43:45,547 INFO  ThreadClass:22 - Thread finished!
 